14:52:34 [index.ts] [31merror[39m: Database connection error:  connect ECONNREFUSED 127.0.0.1:5434
15:12:14 [index.ts] [31merror[39m: Error: Not Found
15:12:53 [index.ts] [31merror[39m: Error: Not Found
15:12:55 [index.ts] [31merror[39m: Error: Not Found
15:12:55 [index.ts] [31merror[39m: Error: Not Found
15:13:18 [index.ts] [31merror[39m: Error: Not Found
15:13:41 [index.ts] [31merror[39m: Error: Connection "default" was not found.
15:14:15 [index.ts] [31merror[39m: Error: Connection "default" was not found.
15:20:07 [index.ts] [31merror[39m: Database connection error:  No connection options were found in any orm configuration files.
15:20:54 [index.ts] [31merror[39m: Database connection error:  No connection options were found in any orm configuration files.
15:21:57 [index.ts] [31merror[39m: Database connection error:  No connection options were found in any orm configuration files.
15:22:05 [index.ts] [31merror[39m: Database connection error:  No connection options were found in any orm configuration files.
15:23:15 [index.ts] [31merror[39m: Database connection error:  No connection options were found in any orm configuration files.
15:24:50 [index.ts] [31merror[39m: Error: User not found
15:29:10 [index.ts] [31merror[39m: Error: "name" is required, "access_level" is required, "first_name" is not allowed, "middle_name" is not allowed, "last_name" is not allowed, "confirm_password" is not allowed
15:30:38 [index.ts] [31merror[39m: Error: "middle_name" is not allowed to be empty, "confirm_password" is not allowed
15:31:27 [index.ts] [31merror[39m: Error: "confirm_password" is not allowed
15:31:46 [index.ts] [31merror[39m: Error: Invalid password
15:33:15 [index.ts] [31merror[39m: Error: Not Found
15:33:33 [index.ts] [31merror[39m: Error: Not Found
15:33:33 [index.ts] [31merror[39m: Error: Not Found
15:33:34 [index.ts] [31merror[39m: Error: Not Found
15:33:38 [index.ts] [31merror[39m: Error: Refresh token not found
15:34:16 [index.ts] [31merror[39m: Error: Refresh token not found
15:36:42 [index.ts] [31merror[39m: Error: Refresh token not found
15:37:22 [index.ts] [31merror[39m: Error: Refresh token not found
15:39:07 [index.ts] [31merror[39m: Error: Refresh token not found
15:39:07 [index.ts] [31merror[39m: Error: Refresh token not found
15:39:38 [index.ts] [31merror[39m: Error: Refresh token not found
15:40:37 [index.ts] [31merror[39m: Error: Refresh token not found
15:42:11 [index.ts] [31merror[39m: Error: Refresh token not found
15:42:58 [index.ts] [31merror[39m: Error: Refresh token not found
15:45:47 [index.ts] [31merror[39m: Error: Refresh token not found
15:45:47 [index.ts] [31merror[39m: Error: Not Found
15:46:40 [index.ts] [31merror[39m: Error: Refresh token is invalid
15:46:40 [index.ts] [31merror[39m: Error: Not Found
15:48:31 [index.ts] [31merror[39m: Error: Refresh token not found
15:49:58 [index.ts] [31merror[39m: Error: Refresh token not found
